<?xml version="1.0" encoding="UTF-8"?>
<!-- Generated by org.testng.reporters.JUnitXMLReporter -->
<testsuite ignored="0" hostname="Muraris-MacBook-Pro.local" failures="0" tests="3" name="Default test" time="6.728" errors="0" timestamp="2022-12-19T20:22:24 EST">
  <testcase classname="testcases.TestCaseDemo" name="CountItems" time="0.254"/>
  <testcase classname="testcases.TestCaseDemo" name="GetTitle" time="0.25"/>
  <testcase classname="testcases.TestCaseDemo" name="login" time="0.224"/>
</testsuite> <!-- Default test -->
