<?xml version="1.0" encoding="UTF-8"?>
<!-- Generated by org.testng.reporters.JUnitXMLReporter -->
<testsuite ignored="0" hostname="Muraris-MacBook-Pro.local" failures="0" tests="6" name="Default test" time="13.977" errors="0" timestamp="2022-12-21T18:54:23 EST">
  <testcase classname="testcases.TestCaseDemo2" name="CountItems" time="0.274"/>
  <testcase classname="testcases.TestCaseDemo2" name="GetTitle" time="0.228"/>
  <testcase classname="testcases.TestCaseDemo2" name="Login" time="0.745"/>
  <testcase classname="testcases.TestCaseDemo2" name="Login" time="0.731"/>
  <testcase classname="testcases.TestCaseDemo2" name="Login" time="0.721"/>
  <testcase classname="testcases.TestCaseDemo2" name="Login" time="0.718"/>
</testsuite> <!-- Default test -->
