<?xml version="1.0" encoding="UTF-8"?>
<testng-results ignored="0" total="3" passed="3" failed="0" skipped="0">
  <reporter-output>
  </reporter-output>
  <suite started-at="2022-12-19T20:22:17 EST" name="Default suite" finished-at="2022-12-19T20:22:24 EST" duration-ms="6728">
    <groups>
    </groups>
    <test started-at="2022-12-19T20:22:17 EST" name="Default test" finished-at="2022-12-19T20:22:24 EST" duration-ms="6728">
      <class name="testcases.TestCaseDemo">
        <test-method is-config="true" signature="setUp()[pri:0, instance:testcases.TestCaseDemo@243c4f91]" started-at="2022-12-19T20:22:17 EST" name="setUp" finished-at="2022-12-19T20:22:20 EST" duration-ms="2458" status="PASS">
          <reporter-output>
          </reporter-output>
        </test-method> <!-- setUp -->
        <test-method signature="CountItems()[pri:0, instance:testcases.TestCaseDemo@243c4f91]" started-at="2022-12-19T20:22:20 EST" name="CountItems" finished-at="2022-12-19T20:22:20 EST" duration-ms="254" status="PASS">
          <reporter-output>
          </reporter-output>
        </test-method> <!-- CountItems -->
        <test-method is-config="true" signature="TearDown()[pri:0, instance:testcases.TestCaseDemo@243c4f91]" started-at="2022-12-19T20:22:20 EST" name="TearDown" finished-at="2022-12-19T20:22:20 EST" duration-ms="113" status="PASS">
          <reporter-output>
          </reporter-output>
        </test-method> <!-- TearDown -->
        <test-method is-config="true" signature="setUp()[pri:0, instance:testcases.TestCaseDemo@243c4f91]" started-at="2022-12-19T20:22:20 EST" name="setUp" finished-at="2022-12-19T20:22:22 EST" duration-ms="1552" status="PASS">
          <reporter-output>
          </reporter-output>
        </test-method> <!-- setUp -->
        <test-method signature="GetTitle()[pri:0, instance:testcases.TestCaseDemo@243c4f91]" started-at="2022-12-19T20:22:22 EST" name="GetTitle" finished-at="2022-12-19T20:22:22 EST" duration-ms="250" status="PASS">
          <reporter-output>
          </reporter-output>
        </test-method> <!-- GetTitle -->
        <test-method is-config="true" signature="TearDown()[pri:0, instance:testcases.TestCaseDemo@243c4f91]" started-at="2022-12-19T20:22:22 EST" name="TearDown" finished-at="2022-12-19T20:22:22 EST" duration-ms="105" status="PASS">
          <reporter-output>
          </reporter-output>
        </test-method> <!-- TearDown -->
        <test-method is-config="true" signature="setUp()[pri:0, instance:testcases.TestCaseDemo@243c4f91]" started-at="2022-12-19T20:22:22 EST" name="setUp" finished-at="2022-12-19T20:22:24 EST" duration-ms="1604" status="PASS">
          <reporter-output>
          </reporter-output>
        </test-method> <!-- setUp -->
        <test-method signature="login()[pri:0, instance:testcases.TestCaseDemo@243c4f91]" started-at="2022-12-19T20:22:24 EST" name="login" finished-at="2022-12-19T20:22:24 EST" duration-ms="224" status="PASS">
          <reporter-output>
          </reporter-output>
        </test-method> <!-- login -->
        <test-method is-config="true" signature="TearDown()[pri:0, instance:testcases.TestCaseDemo@243c4f91]" started-at="2022-12-19T20:22:24 EST" name="TearDown" finished-at="2022-12-19T20:22:24 EST" duration-ms="120" status="PASS">
          <reporter-output>
          </reporter-output>
        </test-method> <!-- TearDown -->
      </class> <!-- testcases.TestCaseDemo -->
    </test> <!-- Default test -->
  </suite> <!-- Default suite -->
</testng-results>
